<?xml version="1.0" encoding="UTF-8"?>
<!-- Generated by org.testng.reporters.JUnitReportReporter -->
<testsuite skipped="0" hostname="vichu" name="com.htc.test.LoginAutomation" tests="2" failures="0" timestamp="26 Nov 2017 05:30:15 GMT" time="11.968" errors="0">
  <testcase name="testSuccessLoginLogout" time="1.820" classname="com.htc.test.LoginAutomation"/>
  <testcase name="testSuccessLoginLogout" time="10.148" classname="com.htc.test.LoginAutomation"/>
</testsuite> <!-- com.htc.test.LoginAutomation -->
