<?xml version="1.0" encoding="UTF-8"?>
<!-- Generated by org.testng.reporters.JUnitReportReporter -->
<testsuite skipped="0" hostname="IMPC3122" name="com.htc.test.RegisterAutomation" tests="2" failures="0" timestamp="11 Oct 2017 10:46:28 GMT" time="2.719" errors="0">
  <testcase name="testSuccessLoginLogout" time="1.208" classname="com.htc.test.RegisterAutomation"/>
  <testcase name="testSuccessLoginLogout" time="1.511" classname="com.htc.test.RegisterAutomation"/>
</testsuite> <!-- com.htc.test.RegisterAutomation -->
